<?xml version="1.0" encoding="UTF-8"?>
<!-- Generated by org.testng.reporters.JUnitReportReporter -->
<testsuite hostname="MSI" failures="0" tests="1" name="runner.LoginRunner" time="16.363" errors="0" timestamp="2025-01-04T17:03:07 IST" skipped="0">
  <testcase classname="runner.LoginRunner" name="runScenario" time="16.363"/>
  <system-out/>
</testsuite> <!-- runner.LoginRunner -->
